0 info it worked if it ends with ok
1 verbose cli [ 'node', '/usr/local/bin/npm', 'install', 'supervisor', '-g' ]
2 info using npm@1.4.28
3 info using node@v0.10.32
4 verbose cache add [ 'supervisor', null ]
5 verbose cache add name=undefined spec="supervisor" args=["supervisor",null]
6 verbose parsed url { protocol: null,
6 verbose parsed url   slashes: null,
6 verbose parsed url   auth: null,
6 verbose parsed url   host: null,
6 verbose parsed url   port: null,
6 verbose parsed url   hostname: null,
6 verbose parsed url   hash: null,
6 verbose parsed url   search: null,
6 verbose parsed url   query: null,
6 verbose parsed url   pathname: 'supervisor',
6 verbose parsed url   path: 'supervisor',
6 verbose parsed url   href: 'supervisor' }
7 silly lockFile 0f4d09e4-supervisor supervisor
8 verbose lock supervisor /Users/michailnenkov/.npm/0f4d09e4-supervisor.lock
9 silly lockFile 0f4d09e4-supervisor supervisor
10 silly lockFile 0f4d09e4-supervisor supervisor
11 verbose addNamed [ 'supervisor', '' ]
12 verbose addNamed [ null, '*' ]
13 silly lockFile b28163ae-supervisor supervisor@
14 verbose lock supervisor@ /Users/michailnenkov/.npm/b28163ae-supervisor.lock
15 silly addNameRange { name: 'supervisor', range: '*', hasData: false }
16 verbose request where is /supervisor
17 verbose request registry https://registry.npmjs.org/
18 verbose request id 2b6904c36f58c3b9
19 verbose url raw /supervisor
20 verbose url resolving [ 'https://registry.npmjs.org/', './supervisor' ]
21 verbose url resolved https://registry.npmjs.org/supervisor
22 verbose request where is https://registry.npmjs.org/supervisor
23 info trying registry request attempt 1 at 13:44:15
24 verbose etag "BGHHHRIW12YTFH9N36N5PNAWX"
25 http GET https://registry.npmjs.org/supervisor
26 http 304 https://registry.npmjs.org/supervisor
27 silly registry.get cb [ 304,
27 silly registry.get   { date: 'Fri, 14 Nov 2014 12:44:15 GMT',
27 silly registry.get     server: 'Apache',
27 silly registry.get     via: '1.1 varnish',
27 silly registry.get     'last-modified': 'Fri, 14 Nov 2014 12:44:15 GMT',
27 silly registry.get     'cache-control': 'max-age=60',
27 silly registry.get     etag: '"BGHHHRIW12YTFH9N36N5PNAWX"',
27 silly registry.get     age: '0',
27 silly registry.get     'x-served-by': 'cache-ams4137-AMS',
27 silly registry.get     'x-cache': 'HIT',
27 silly registry.get     'x-cache-hits': '1',
27 silly registry.get     'x-timer': 'S1415969055.855388,VS0,VE91',
27 silly registry.get     vary: 'Accept',
27 silly registry.get     'content-length': '0',
27 silly registry.get     'keep-alive': 'timeout=10, max=50',
27 silly registry.get     connection: 'Keep-Alive' } ]
28 verbose etag https://registry.npmjs.org/supervisor from cache
29 silly addNameRange number 2 { name: 'supervisor', range: '*', hasData: true }
30 silly addNameRange versions [ 'supervisor',
30 silly addNameRange   [ '0.0.4',
30 silly addNameRange     '0.0.5',
30 silly addNameRange     '0.0.6',
30 silly addNameRange     '0.1.0',
30 silly addNameRange     '0.1.1',
30 silly addNameRange     '0.1.2',
30 silly addNameRange     '0.1.3',
30 silly addNameRange     '0.2.0',
30 silly addNameRange     '0.3.0',
30 silly addNameRange     '0.3.1',
30 silly addNameRange     '0.3.2',
30 silly addNameRange     '0.3.3',
30 silly addNameRange     '0.3.4',
30 silly addNameRange     '0.3.5',
30 silly addNameRange     '0.3.6',
30 silly addNameRange     '0.4.0',
30 silly addNameRange     '0.4.1',
30 silly addNameRange     '0.5.0',
30 silly addNameRange     '0.5.1',
30 silly addNameRange     '0.5.2',
30 silly addNameRange     '0.5.3',
30 silly addNameRange     '0.5.4',
30 silly addNameRange     '0.5.5',
30 silly addNameRange     '0.5.6',
30 silly addNameRange     '0.5.7',
30 silly addNameRange     '0.6.0' ] ]
31 verbose addNamed [ 'supervisor', '0.6.0' ]
32 verbose addNamed [ '0.6.0', '0.6.0' ]
33 silly lockFile 0362a428-supervisor-0-6-0 supervisor@0.6.0
34 verbose lock supervisor@0.6.0 /Users/michailnenkov/.npm/0362a428-supervisor-0-6-0.lock
35 silly lockFile 0362a428-supervisor-0-6-0 supervisor@0.6.0
36 silly lockFile 0362a428-supervisor-0-6-0 supervisor@0.6.0
37 silly lockFile b28163ae-supervisor supervisor@
38 silly lockFile b28163ae-supervisor supervisor@
39 silly resolved [ { name: 'supervisor',
39 silly resolved     version: '0.6.0',
39 silly resolved     description: 'A supervisor program for running nodejs programs',
39 silly resolved     author: { name: 'Isaac Z. Schlueter', email: 'i@izs.me' },
39 silly resolved     contributors:
39 silly resolved      [ [Object],
39 silly resolved        [Object],
39 silly resolved        [Object],
39 silly resolved        [Object],
39 silly resolved        [Object],
39 silly resolved        [Object],
39 silly resolved        [Object],
39 silly resolved        [Object],
39 silly resolved        [Object],
39 silly resolved        [Object],
39 silly resolved        [Object],
39 silly resolved        [Object],
39 silly resolved        [Object],
39 silly resolved        [Object],
39 silly resolved        [Object],
39 silly resolved        [Object],
39 silly resolved        [Object],
39 silly resolved        [Object],
39 silly resolved        [Object],
39 silly resolved        [Object],
39 silly resolved        [Object],
39 silly resolved        [Object],
39 silly resolved        [Object],
39 silly resolved        [Object],
39 silly resolved        [Object],
39 silly resolved        [Object] ],
39 silly resolved     repository:
39 silly resolved      { type: 'git',
39 silly resolved        url: 'git://github.com/isaacs/node-supervisor.git' },
39 silly resolved     bugs: { url: 'https://github.com/isaacs/node-supervisor/issues' },
39 silly resolved     homepage: 'https://github.com/isaacs/node-supervisor/',
39 silly resolved     main: 'lib/supervisor.js',
39 silly resolved     bin:
39 silly resolved      { 'node-supervisor': 'lib/cli-wrapper.js',
39 silly resolved        supervisor: 'lib/cli-wrapper.js' },
39 silly resolved     engines: { node: '>=0.6.0' },
39 silly resolved     preferGlobal: true,
39 silly resolved     _id: 'supervisor@0.6.0',
39 silly resolved     dist:
39 silly resolved      { shasum: 'c8b965be5ae31822685f176df1f178dd5d85c332',
39 silly resolved        tarball: 'http://registry.npmjs.org/supervisor/-/supervisor-0.6.0.tgz' },
39 silly resolved     _from: 'supervisor@',
39 silly resolved     _npmVersion: '1.4.3',
39 silly resolved     _npmUser: { name: 'iangreenleaf', email: 'ian.greenleaf@gmail.com' },
39 silly resolved     maintainers: [ [Object] ],
39 silly resolved     directories: {},
39 silly resolved     _shasum: 'c8b965be5ae31822685f176df1f178dd5d85c332',
39 silly resolved     _resolved: 'https://registry.npmjs.org/supervisor/-/supervisor-0.6.0.tgz',
39 silly resolved     readme: 'ERROR: No README data found!' } ]
40 info install supervisor@0.6.0 into /usr/local/lib
41 info installOne supervisor@0.6.0
42 verbose lib/node_modules/supervisor unbuild
43 verbose tar unpack /Users/michailnenkov/.npm/supervisor/0.6.0/package.tgz
44 silly lockFile 108aea87-ocal-lib-node-modules-supervisor tar:///usr/local/lib/node_modules/supervisor
45 verbose lock tar:///usr/local/lib/node_modules/supervisor /Users/michailnenkov/.npm/108aea87-ocal-lib-node-modules-supervisor.lock
46 silly lockFile 1306c81f-npm-supervisor-0-6-0-package-tgz tar:///Users/michailnenkov/.npm/supervisor/0.6.0/package.tgz
47 verbose lock tar:///Users/michailnenkov/.npm/supervisor/0.6.0/package.tgz /Users/michailnenkov/.npm/1306c81f-npm-supervisor-0-6-0-package-tgz.lock
48 silly gunzTarPerm modes [ '755', '644' ]
49 error Error: EACCES, mkdir '/usr/local/lib/node_modules/supervisor'
49 error  { [Error: EACCES, mkdir '/usr/local/lib/node_modules/supervisor']
49 error   errno: 3,
49 error   code: 'EACCES',
49 error   path: '/usr/local/lib/node_modules/supervisor',
49 error   fstream_type: 'Directory',
49 error   fstream_path: '/usr/local/lib/node_modules/supervisor',
49 error   fstream_class: 'DirWriter',
49 error   fstream_stack:
49 error    [ '/usr/local/lib/node_modules/npm/node_modules/fstream/lib/dir-writer.js:36:23',
49 error      '/usr/local/lib/node_modules/npm/node_modules/mkdirp/index.js:46:53',
49 error      'Object.oncomplete (fs.js:107:15)' ] }
50 error Please try running this command again as root/Administrator.
51 error System Darwin 14.0.0
52 error command "node" "/usr/local/bin/npm" "install" "supervisor" "-g"
53 error cwd /Users/michailnenkov/Documents/github/sharingear-api/app
54 error node -v v0.10.32
55 error npm -v 1.4.28
56 error path /usr/local/lib/node_modules/supervisor
57 error fstream_path /usr/local/lib/node_modules/supervisor
58 error fstream_type Directory
59 error fstream_class DirWriter
60 error code EACCES
61 error errno 3
62 error stack Error: EACCES, mkdir '/usr/local/lib/node_modules/supervisor'
63 error fstream_stack /usr/local/lib/node_modules/npm/node_modules/fstream/lib/dir-writer.js:36:23
63 error fstream_stack /usr/local/lib/node_modules/npm/node_modules/mkdirp/index.js:46:53
63 error fstream_stack Object.oncomplete (fs.js:107:15)
64 verbose exit [ 3, true ]
